#
# A fatal error has been detected by the Java Runtime Environment:
#
#  EXCEPTION_ACCESS_VIOLATION (0xc0000005) at pc=0x00000000020be37e, pid=14800, tid=16216
#
# JRE version: Java(TM) SE Runtime Environment (7.0_79-b15) (build 1.7.0_79-b15)
# Java VM: Java HotSpot(TM) 64-Bit Server VM (24.79-b02 mixed mode windows-amd64 compressed oops)
# Problematic frame:
# j  java.awt.DefaultKeyboardFocusManager.dispatchEvent(Ljava/awt/AWTEvent;)Z+1395
#
# Failed to write core dump. Minidumps are not enabled by default on client versions of Windows
#
# If you would like to submit a bug report, please visit:
#   http://bugreport.java.com/bugreport/crash.jsp
#

---------------  T H R E A D  ---------------

Current thread (0x000000000b6a1800):  JavaThread "AWT-EventQueue-0" [_thread_in_Java, id=16216, stack(0x000000000c850000,0x000000000c950000)]

siginfo: ExceptionCode=0xc0000005, reading address 0xffffffffffffffff

Registers:
RAX=0x000000009ccb1228, RBX=0x0000000001fa9371, RCX=0x00000000e0bd9ed8, RDX=0x0000000070000001
RSP=0x000000000c94bc30, RBP=0x000000000c94bc80, RSI=0x00000000000001f4, RDI=0x0000000000000004
R8 =0x00000038476a1d01, R9 =0x00000000e097d150, R10=0x00000000637b9090, R11=0x000000000c94b9c0
R12=0x0000000000000000, R13=0x000000000c94bc38, R14=0x0000000000000000, R15=0x000000000b6a1800
RIP=0x00000000020be37e, EFLAGS=0x0000000000010246

Top of Stack: (sp=0x000000000c94bc30)
0x000000000c94bc30:   00000000020a62d3 00000000e0bd9ed8
0x000000000c94bc40:   000000000c94bc40 000000009ce7db23
0x000000000c94bc50:   000000000c94bce0 000000009ce7fbe0
0x000000000c94bc60:   0000000000000000 000000009ce7dbd8
0x000000000c94bc70:   000000000c94bc38 000000000c94bcd8
0x000000000c94bc80:   000000000c94bd28 00000000020a63f0
0x000000000c94bc90:   0000000000000000 0000000000000000
0x000000000c94bca0:   0000000000000000 00000000e0bd9038
0x000000000c94bcb0:   00000000e0bd9ed8 00000000e0bc9a78
0x000000000c94bcc0:   00000000e0bc9a78 00000000e0bc9a78
0x000000000c94bcd0:   00000000e0a112f0 00000000e0a112f0
0x000000000c94bce0:   00000000e0a791a8 000000000c94bce8
0x000000000c94bcf0:   000000009cc91c48 000000000c94bd70
0x000000000c94bd00:   000000009cca3b78 0000000000000000
0x000000000c94bd10:   000000009cc91f28 000000000c94bcd8
0x000000000c94bd20:   000000000c94bd68 000000000c94bdb8 

Instructions: (pc=0x00000000020be37e)
0x00000000020be35e:   00 00 00 49 89 56 18 49 83 c6 30 4c 89 75 e0 48
0x00000000020be36e:   8b 9c d8 f8 01 00 00 4c 8d 6c 24 08 4c 89 6d f0
0x00000000020be37e:   ff 63 78 0f 1f 80 00 00 00 00 00 00 00 00 00 00
0x00000000020be38e:   00 00 00 00 00 00 00 00 00 00 00 00 00 00 00 00 


Register to memory mapping:

RAX=0x000000009ccb1228 is an oop
{instance class} 
 - klass: {other class}
RBX=0x0000000001fa9371 is an unknown value
RCX=0x00000000e0bd9ed8 is an oop
java.awt.Panel 
 - klass: 'java/awt/Panel'
RDX=0x0000000070000001 is an unknown value
RSP=0x000000000c94bc30 is pointing into the stack for thread: 0x000000000b6a1800
RBP=0x000000000c94bc80 is pointing into the stack for thread: 0x000000000b6a1800
RSI=0x00000000000001f4 is an unknown value
RDI=0x0000000000000004 is an unknown value
R8 =0x00000038476a1d01 is an unknown value
R9 =0x00000000e097d150 is an oop
java.lang.Class 
 - klass: 'java/lang/Class'
R10=0x00000000637b9090 is an unknown value
R11=0x000000000c94b9c0 is pointing into the stack for thread: 0x000000000b6a1800
R12=0x0000000000000000 is an unknown value
R13=0x000000000c94bc38 is pointing into the stack for thread: 0x000000000b6a1800
R14=0x0000000000000000 is an unknown value
R15=0x000000000b6a1800 is a thread


Stack: [0x000000000c850000,0x000000000c950000],  sp=0x000000000c94bc30,  free space=1007k
Native frames: (J=compiled Java code, j=interpreted, Vv=VM code, C=native code)
j  java.awt.DefaultKeyboardFocusManager.dispatchEvent(Ljava/awt/AWTEvent;)Z+1395
j  java.awt.Component.dispatchEventImpl(Ljava/awt/AWTEvent;)V+144
j  java.awt.Container.dispatchEventImpl(Ljava/awt/AWTEvent;)V+42
j  java.awt.Window.dispatchEventImpl(Ljava/awt/AWTEvent;)V+19
j  java.awt.Component.dispatchEvent(Ljava/awt/AWTEvent;)V+2
j  java.awt.EventQueue.dispatchEventImpl(Ljava/awt/AWTEvent;Ljava/lang/Object;)V+41
j  java.awt.EventQueue.access$300(Ljava/awt/EventQueue;Ljava/awt/AWTEvent;Ljava/lang/Object;)V+3
j  java.awt.EventQueue$3.run()Ljava/lang/Void;+12
j  java.awt.EventQueue$3.run()Ljava/lang/Object;+1
v  ~StubRoutines::call_stub


---------------  P R O C E S S  ---------------

Java Threads: ( => current thread )
  0x0000000001fa2800 JavaThread "DestroyJavaVM" [_thread_blocked, id=15776, stack(0x0000000001ea0000,0x0000000001fa0000)]
=>0x000000000b6a1800 JavaThread "AWT-EventQueue-0" [_thread_in_Java, id=16216, stack(0x000000000c850000,0x000000000c950000)]
  0x000000000b652000 JavaThread "AWT-Windows" daemon [_thread_in_native, id=17344, stack(0x000000000c280000,0x000000000c380000)]
  0x000000000b651000 JavaThread "AWT-Shutdown" [_thread_blocked, id=14224, stack(0x000000000c180000,0x000000000c280000)]
  0x000000000b542000 JavaThread "Java2D Disposer" daemon [_thread_blocked, id=13316, stack(0x000000000c080000,0x000000000c180000)]
  0x0000000002096000 JavaThread "Service Thread" daemon [_thread_blocked, id=18340, stack(0x000000000bd00000,0x000000000be00000)]
  0x0000000002091800 JavaThread "C2 CompilerThread1" daemon [_thread_blocked, id=17784, stack(0x000000000bc00000,0x000000000bd00000)]
  0x000000000208f800 JavaThread "C2 CompilerThread0" daemon [_thread_blocked, id=17740, stack(0x000000000bb00000,0x000000000bc00000)]
  0x000000000b521000 JavaThread "Attach Listener" daemon [_thread_blocked, id=17800, stack(0x000000000ba00000,0x000000000bb00000)]
  0x000000000b520800 JavaThread "Signal Dispatcher" daemon [_thread_blocked, id=17600, stack(0x000000000b900000,0x000000000ba00000)]
  0x0000000009541800 JavaThread "Finalizer" daemon [_thread_blocked, id=15424, stack(0x000000000b400000,0x000000000b500000)]
  0x0000000009539800 JavaThread "Reference Handler" daemon [_thread_blocked, id=2344, stack(0x000000000b300000,0x000000000b400000)]

Other Threads:
  0x0000000009535800 VMThread [stack: 0x000000000b200000,0x000000000b300000] [id=7212]
  0x0000000002099800 WatcherThread [stack: 0x000000000be00000,0x000000000bf00000] [id=9416]

VM state:not at safepoint (normal execution)

VM Mutex/Monitor currently owned by a thread: None

Heap
 PSYoungGen      total 28672K, used 6067K [0x00000000e0900000, 0x00000000e2880000, 0x0000000100000000)
  eden space 25088K, 24% used [0x00000000e0900000,0x00000000e0eecdf0,0x00000000e2180000)
  from space 3584K, 0% used [0x00000000e2500000,0x00000000e2500000,0x00000000e2880000)
  to   space 3584K, 0% used [0x00000000e2180000,0x00000000e2180000,0x00000000e2500000)
 ParOldGen       total 64000K, used 0K [0x00000000a1c00000, 0x00000000a5a80000, 0x00000000e0900000)
  object space 64000K, 0% used [0x00000000a1c00000,0x00000000a1c00000,0x00000000a5a80000)
 PSPermGen       total 21504K, used 9734K [0x000000009ca00000, 0x000000009df00000, 0x00000000a1c00000)
  object space 21504K, 45% used [0x000000009ca00000,0x000000009d381860,0x000000009df00000)

Card table byte_map: [0x0000000005160000,0x0000000005480000] byte_map_base: 0x0000000004c7b000

Polling page: 0x0000000000560000

Code Cache  [0x00000000020a0000, 0x0000000002310000, 0x00000000050a0000)
 total_blobs=407 nmethods=9 adapters=351 free_code_cache=48644Kb largest_free_block=49800576

Compilation events (10 events):
Event: 0.218 Thread 0x000000000208f800    5             java.lang.String::equals (81 bytes)
Event: 0.221 Thread 0x000000000208f800 nmethod 5 0x0000000002112250 code [0x00000000021123a0, 0x00000000021125b8]
Event: 0.275 Thread 0x0000000002091800    6             sun.java2d.loops.GraphicsPrimitive::getUniqueID (5 bytes)
Event: 0.275 Thread 0x0000000002091800 nmethod 6 0x000000000211bf10 code [0x000000000211c040, 0x000000000211c098]
Event: 0.319 Thread 0x000000000208f800    7             java.util.Arrays::binarySearch0 (95 bytes)
Event: 0.320 Thread 0x000000000208f800 nmethod 7 0x000000000211fdd0 code [0x000000000211ff20, 0x00000000021200d8]
Event: 0.320 Thread 0x0000000002091800    8             sun.java2d.loops.GraphicsPrimitiveMgr$2::compare (39 bytes)
Event: 0.321 Thread 0x0000000002091800 nmethod 8 0x000000000211e110 code [0x000000000211e260, 0x000000000211e338]
Event: 2.066 Thread 0x000000000208f800    9             java.awt.GradientPaintContext::cycleFillRaster (104 bytes)
Event: 2.070 Thread 0x000000000208f800 nmethod 9 0x000000000211e710 code [0x000000000211e880, 0x000000000211ecd8]

GC Heap History (0 events):
No events

Deoptimization events (1 events):
Event: 1.888 Thread 0x000000000b6a1800 Uncommon trap: reason=class_check action=maybe_recompile pc=0x0000000002112584 method=java.lang.String.equals(Ljava/lang/Object;)Z @ 8

Internal exceptions (10 events):
Event: 0.096 Thread 0x0000000001fa2800 Threw 0x00000000e095b9a8 at C:\re\jdk7u79\2331\hotspot\src\share\vm\prims\jni.cpp:717
Event: 0.115 Thread 0x0000000001fa2800 Threw 0x00000000e09792f0 at C:\re\jdk7u79\2331\hotspot\src\share\vm\prims\jni.cpp:717
Event: 0.255 Thread 0x0000000001fa2800 Threw 0x00000000e0b6c178 at C:\re\jdk7u79\2331\hotspot\src\share\vm\prims\jvm.cpp:1304
Event: 0.257 Thread 0x0000000001fa2800 Threw 0x00000000e0b6ef38 at C:\re\jdk7u79\2331\hotspot\src\share\vm\prims\jvm.cpp:1304
Event: 0.257 Thread 0x0000000001fa2800 Threw 0x00000000e0b70ab8 at C:\re\jdk7u79\2331\hotspot\src\share\vm\prims\jvm.cpp:1304
Event: 0.260 Thread 0x0000000001fa2800 Threw 0x00000000e0bf1198 at C:\re\jdk7u79\2331\hotspot\src\share\vm\prims\jvm.cpp:1304
Event: 0.282 Thread 0x0000000001fa2800 Threw 0x00000000e0c11318 at C:\re\jdk7u79\2331\hotspot\src\share\vm\prims\jvm.cpp:1304
Event: 0.282 Thread 0x0000000001fa2800 Threw 0x00000000e0c11440 at C:\re\jdk7u79\2331\hotspot\src\share\vm\prims\jvm.cpp:1304
Event: 0.282 Thread 0x0000000001fa2800 Threw 0x00000000e0c14a78 at C:\re\jdk7u79\2331\hotspot\src\share\vm\prims\jvm.cpp:1304
Event: 0.282 Thread 0x0000000001fa2800 Threw 0x00000000e0c14ba0 at C:\re\jdk7u79\2331\hotspot\src\share\vm\prims\jvm.cpp:1304

Events (10 events):
Event: 2.003 loading class 0x000000000b6c3970 done
Event: 2.003 loading class 0x000000000b6c3eb0
Event: 2.003 loading class 0x000000000b6c3eb0 done
Event: 2.003 loading class 0x000000000b5349d0 done
Event: 2.047 loading class 0x0000000001fa9290
Event: 2.047 loading class 0x0000000001fa9290 done
Event: 2.063 loading class 0x0000000001fa9050
Event: 2.063 loading class 0x0000000001fa9050 done
Event: 4.099 Executing VM operation: EnableBiasedLocking
Event: 4.099 Executing VM operation: EnableBiasedLocking done


Dynamic libraries:
0x00007ff76b320000 - 0x00007ff76b353000 	C:\Program Files\Java\jre7\bin\javaw.exe
0x00007ffef46f0000 - 0x00007ffef48b1000 	C:\WINDOWS\SYSTEM32\ntdll.dll
0x00007ffef45d0000 - 0x00007ffef467d000 	C:\WINDOWS\system32\KERNEL32.DLL
0x00007ffee3a30000 - 0x00007ffee3a63000 	C:\Program Files (x86)\AVG\Av\avghooka.dll
0x00007ffef18e0000 - 0x00007ffef1ac8000 	C:\WINDOWS\system32\KERNELBASE.dll
0x00007ffef1b30000 - 0x00007ffef1bd7000 	C:\WINDOWS\system32\ADVAPI32.dll
0x00007ffef2100000 - 0x00007ffef219d000 	C:\WINDOWS\system32\msvcrt.dll
0x00007ffef1be0000 - 0x00007ffef1c3b000 	C:\WINDOWS\system32\sechost.dll
0x00007ffef3ed0000 - 0x00007ffef3fec000 	C:\WINDOWS\system32\RPCRT4.dll
0x00007ffef21a0000 - 0x00007ffef22f6000 	C:\WINDOWS\system32\USER32.dll
0x00007ffef4440000 - 0x00007ffef45c6000 	C:\WINDOWS\system32\GDI32.dll
0x00007ffeeb620000 - 0x00007ffeeb894000 	C:\WINDOWS\WinSxS\amd64_microsoft.windows.common-controls_6595b64144ccf1df_6.0.10586.0_none_8c15ae12515e1c22\COMCTL32.dll
0x00007ffef1cf0000 - 0x00007ffef1f6d000 	C:\WINDOWS\system32\combase.dll
0x00007ffef1750000 - 0x00007ffef17ba000 	C:\WINDOWS\system32\bcryptPrimitives.dll
0x00007ffef1cb0000 - 0x00007ffef1ceb000 	C:\WINDOWS\system32\IMM32.DLL
0x00007ffef0be0000 - 0x00007ffef0c11000 	C:\Windows\system32\nvinitx.dll
0x00007ffef0bd0000 - 0x00007ffef0bda000 	C:\WINDOWS\SYSTEM32\VERSION.dll
0x000000000f000000 - 0x000000000f006000 	C:\Program Files\NVIDIA Corporation\CoProcManager\_etoured.dll
0x00007ffeec8d0000 - 0x00007ffeec902000 	C:\Program Files\NVIDIA Corporation\CoProcManager\nvd3d9wrapx.dll
0x00007ffef3ff0000 - 0x00007ffef4419000 	C:\WINDOWS\system32\SETUPAPI.dll
0x00007ffef0d80000 - 0x00007ffef0dc3000 	C:\WINDOWS\system32\CFGMGR32.dll
0x00007ffeec8a0000 - 0x00007ffeec8c2000 	C:\Program Files\NVIDIA Corporation\CoProcManager\nvdxgiwrapx.dll
0x0000000063850000 - 0x0000000063922000 	C:\Program Files\Java\jre7\bin\msvcr100.dll
0x0000000063070000 - 0x0000000063845000 	C:\Program Files\Java\jre7\bin\server\jvm.dll
0x00007ffef24d0000 - 0x00007ffef24d8000 	C:\WINDOWS\system32\PSAPI.DLL
0x00007ffee6040000 - 0x00007ffee6049000 	C:\WINDOWS\SYSTEM32\WSOCK32.dll
0x00007ffef1c40000 - 0x00007ffef1cab000 	C:\WINDOWS\system32\WS2_32.dll
0x00007ffeef0d0000 - 0x00007ffeef0f3000 	C:\WINDOWS\SYSTEM32\WINMM.dll
0x00007ffeeee10000 - 0x00007ffeeee3c000 	C:\WINDOWS\SYSTEM32\WINMMBASE.dll
0x0000000063060000 - 0x000000006306f000 	C:\Program Files\Java\jre7\bin\verify.dll
0x0000000063030000 - 0x0000000063058000 	C:\Program Files\Java\jre7\bin\java.dll
0x0000000063010000 - 0x0000000063025000 	C:\Program Files\Java\jre7\bin\zip.dll
0x0000000062e70000 - 0x0000000063005000 	C:\Program Files\Java\jre7\bin\awt.dll
0x00007ffef24f0000 - 0x00007ffef25b1000 	C:\WINDOWS\system32\OLEAUT32.dll
0x00007ffeef490000 - 0x00007ffeef509000 	C:\WINDOWS\system32\apphelp.dll
0x00007ffeec470000 - 0x00007ffeec492000 	C:\WINDOWS\system32\DWMAPI.DLL
0x00007ffeef700000 - 0x00007ffeef796000 	C:\WINDOWS\system32\uxtheme.dll
0x00007ffef2370000 - 0x00007ffef24ca000 	C:\WINDOWS\system32\MSCTF.dll
0x00007ffef3b20000 - 0x00007ffef3c63000 	C:\WINDOWS\system32\ole32.dll
0x00007ffef0d10000 - 0x00007ffef0d1f000 	C:\WINDOWS\system32\kernel.appcore.dll
0x00007ffef25c0000 - 0x00007ffef3b1c000 	C:\WINDOWS\system32\SHELL32.dll
0x00007ffef0dd0000 - 0x00007ffef1414000 	C:\WINDOWS\system32\windows.storage.dll
0x00007ffef1f70000 - 0x00007ffef1fc2000 	C:\WINDOWS\system32\shlwapi.dll
0x00007ffef17c0000 - 0x00007ffef1875000 	C:\WINDOWS\system32\shcore.dll
0x00007ffef0d20000 - 0x00007ffef0d6b000 	C:\WINDOWS\system32\powrprof.dll
0x00007ffef0cf0000 - 0x00007ffef0d04000 	C:\WINDOWS\system32\profapi.dll
0x0000000062e20000 - 0x0000000062e67000 	C:\Program Files\Java\jre7\bin\fontmanager.dll
0x0000000062e00000 - 0x0000000062e1a000 	C:\Program Files\Java\jre7\bin\net.dll
0x00007ffef0570000 - 0x00007ffef05cc000 	C:\WINDOWS\system32\mswsock.dll
0x0000000062de0000 - 0x0000000062df1000 	C:\Program Files\Java\jre7\bin\nio.dll
0x0000000062d90000 - 0x0000000062dd1000 	C:\Program Files\Java\jre7\bin\t2k.dll
0x00007ffef3c70000 - 0x00007ffef3d17000 	C:\WINDOWS\system32\clbcatq.dll
0x00007ffedde90000 - 0x00007ffeddf2c000 	C:\WINDOWS\system32\RICHED20.DLL
0x00007ffef20e0000 - 0x00007ffef20f8000 	C:\WINDOWS\system32\USP10.dll
0x00007ffee3b80000 - 0x00007ffee3bba000 	C:\WINDOWS\SYSTEM32\msls31.dll
0x00007ffedbfb0000 - 0x00007ffedbffa000 	C:\WINDOWS\system32\dataexchange.dll
0x00007ffeeb8a0000 - 0x00007ffeebb48000 	C:\WINDOWS\system32\d3d11.dll
0x00007ffeeee40000 - 0x00007ffeeef23000 	C:\WINDOWS\system32\dcomp.dll
0x00007ffeebc90000 - 0x00007ffeebd32000 	C:\WINDOWS\system32\dxgi.dll
0x00007ffeef7a0000 - 0x00007ffeef8a0000 	C:\WINDOWS\system32\twinapi.appcore.dll
0x00007ffef0c30000 - 0x00007ffef0c59000 	C:\WINDOWS\system32\bcrypt.dll

VM Arguments:
jvm_args: -Dfile.encoding=Cp1252 
java_command: etf.bg.ac.rs.zp2016.gui.MainProg
Launcher Type: SUN_STANDARD

Environment Variables:
PATH=C:/Program Files/Java/jre1.8.0_77/bin/server;C:/Program Files/Java/jre1.8.0_77/bin;C:/Program Files/Java/jre1.8.0_77/lib/amd64;C:\WATCOM\BINNT;C:\WATCOM\BINW;C:\ProgramData\Oracle\Java\javapath;C:\Program Files (x86)\NVIDIA Corporation\PhysX\Common;C:\WINDOWS\system32;C:\WINDOWS;C:\WINDOWS\System32\Wbem;C:\WINDOWS\System32\WindowsPowerShell\v1.0\;C:\Program Files\Intel\WiFi\bin\;C:\Program Files\Common Files\Intel\WirelessCommon\;C:\Program Files (x86)\Intel\OpenCL SDK\2.0\bin\x86;C:\Program Files (x86)\Intel\OpenCL SDK\2.0\bin\x64;C:\Program Files\Microsoft SQL Server\110\Tools\Binn\;C:\Program Files\Microsoft SQL Server\Client SDK\ODBC\110\Tools\Binn\;C:\Program Files (x86)\Microsoft SQL Server\120\Tools\Binn\ManagementStudio\;C:\Program Files (x86)\Microsoft SQL Server\120\Tools\Binn\;C:\Program Files\Microsoft SQL Server\120\Tools\Binn\;C:\Program Files (x86)\Microsoft SQL Server\120\DTS\Binn\;C:\Program Files\Microsoft SQL Server\120\DTS\Binn\;C:\Program Files\Microsoft\Web Platform Installer\;C:\Program Files (x86)\Windows Kits\8.1\Windows Performance Toolkit\;C:\Program Files (x86)\Microsoft SDKs\TypeScript\1.0\;C:\Program Files (x86)\Microsoft SQL Server\110\Tools\Binn\;C:\Program Files (x86)\Microsoft SQL Server\110\DTS\Binn\;C:\Program Files\TortoiseSVN\bin;C:\Program Files (x86)\Windows Live\Shared;C:\Program Files (x86)\Skype\Phone\;C:\Program Files\Intel\WiFi\bin\;C:\Program Files\Common Files\Intel\WirelessCommon\;C:\WINDOWS\system32;
USERNAME=MAJA
OS=Windows_NT
PROCESSOR_IDENTIFIER=Intel64 Family 6 Model 58 Stepping 9, GenuineIntel



---------------  S Y S T E M  ---------------

OS: Windows 8.1 , 64 bit Build 9600 

CPU:total 8 (4 cores per cpu, 2 threads per core) family 6 model 58 stepping 9, cmov, cx8, fxsr, mmx, sse, sse2, sse3, ssse3, sse4.1, sse4.2, popcnt, avx, aes, erms, ht, tsc, tscinvbit, tscinv

Memory: 4k page, physical 6174560k(1012040k free), swap 17788840k(2709884k free)

vm_info: Java HotSpot(TM) 64-Bit Server VM (24.79-b02) for windows-amd64 JRE (1.7.0_79-b15), built on Apr 10 2015 12:36:16 by "java_re" with unknown MS VC++:1600

time: Wed May 25 17:55:49 2016
elapsed time: 5 seconds

