#
# A fatal error has been detected by the Java Runtime Environment:
#
#  EXCEPTION_ACCESS_VIOLATION (0xc0000005) at pc=0x00000000021ee37e, pid=17080, tid=17188
#
# JRE version: Java(TM) SE Runtime Environment (7.0_79-b15) (build 1.7.0_79-b15)
# Java VM: Java HotSpot(TM) 64-Bit Server VM (24.79-b02 mixed mode windows-amd64 compressed oops)
# Problematic frame:
# j  java.awt.DefaultKeyboardFocusManager.dispatchEvent(Ljava/awt/AWTEvent;)Z+1395
#
# Failed to write core dump. Minidumps are not enabled by default on client versions of Windows
#
# If you would like to submit a bug report, please visit:
#   http://bugreport.java.com/bugreport/crash.jsp
#

---------------  T H R E A D  ---------------

Current thread (0x000000000b718800):  JavaThread "AWT-EventQueue-0" [_thread_in_Java, id=17188, stack(0x000000000c860000,0x000000000c960000)]

siginfo: ExceptionCode=0xc0000005, reading address 0xffffffffb60000f2

Registers:
RAX=0x000000009d375648, RBX=0xffffffffb600007a, RCX=0x00000000e0bd3540, RDX=0x0000000070000001
RSP=0x000000000c95b890, RBP=0x000000000c95b8e0, RSI=0x00000000000001f4, RDI=0x0000000000000004
R8 =0x000000000b718800, R9 =0x00000000e097d150, R10=0x00000000637b9090, R11=0x000000000c95b620
R12=0x0000000000000000, R13=0x000000000c95b898, R14=0x0000000000000000, R15=0x000000000b718800
RIP=0x00000000021ee37e, EFLAGS=0x0000000000010246

Top of Stack: (sp=0x000000000c95b890)
0x000000000c95b890:   00000000021d62d3 00000000e0bd3540
0x000000000c95b8a0:   000000000c95b8a0 000000009ce7db23
0x000000000c95b8b0:   000000000c95b940 000000009ce7fbe0
0x000000000c95b8c0:   0000000000000000 000000009ce7dbd8
0x000000000c95b8d0:   000000000c95b898 000000000c95b938
0x000000000c95b8e0:   000000000c95b988 00000000021d63f0
0x000000000c95b8f0:   0000000000000000 0000000000000000
0x000000000c95b900:   0000000000000000 00000000e0bd4208
0x000000000c95b910:   00000000e0bd3540 00000000e0bc3818
0x000000000c95b920:   00000000e0bc3818 00000000e0bc3818
0x000000000c95b930:   00000000e0a0de28 00000000e0a0de28
0x000000000c95b940:   00000000e0a79228 000000000c95b948
0x000000000c95b950:   000000009cc91c48 000000000c95b9d0
0x000000000c95b960:   000000009cca3b78 0000000000000000
0x000000000c95b970:   000000009cc91f28 000000000c95b938
0x000000000c95b980:   000000000c95b9c8 000000000c95ba18 

Instructions: (pc=0x00000000021ee37e)
0x00000000021ee35e:   00 00 00 49 89 56 18 49 83 c6 30 4c 89 75 e0 48
0x00000000021ee36e:   8b 9c d8 f8 01 00 00 4c 8d 6c 24 08 4c 89 6d f0
0x00000000021ee37e:   ff 63 78 0f 1f 80 00 00 00 00 00 00 00 00 00 00
0x00000000021ee38e:   00 00 00 00 00 00 00 00 00 00 00 00 00 00 00 00 


Register to memory mapping:

RAX=0x000000009d375648 is an oop
{instance class} 
 - klass: {other class}
RBX=0xffffffffb600007a is an unknown value
RCX=0x00000000e0bd3540 is an oop
java.awt.TextField 
 - klass: 'java/awt/TextField'
RDX=0x0000000070000001 is an unknown value
RSP=0x000000000c95b890 is pointing into the stack for thread: 0x000000000b718800
RBP=0x000000000c95b8e0 is pointing into the stack for thread: 0x000000000b718800
RSI=0x00000000000001f4 is an unknown value
RDI=0x0000000000000004 is an unknown value
R8 =0x000000000b718800 is a thread
R9 =0x00000000e097d150 is an oop
java.lang.Class 
 - klass: 'java/lang/Class'
R10=0x00000000637b9090 is an unknown value
R11=0x000000000c95b620 is pointing into the stack for thread: 0x000000000b718800
R12=0x0000000000000000 is an unknown value
R13=0x000000000c95b898 is pointing into the stack for thread: 0x000000000b718800
R14=0x0000000000000000 is an unknown value
R15=0x000000000b718800 is a thread


Stack: [0x000000000c860000,0x000000000c960000],  sp=0x000000000c95b890,  free space=1006k
Native frames: (J=compiled Java code, j=interpreted, Vv=VM code, C=native code)
j  java.awt.DefaultKeyboardFocusManager.dispatchEvent(Ljava/awt/AWTEvent;)Z+1395
j  java.awt.Component.dispatchEventImpl(Ljava/awt/AWTEvent;)V+144
j  java.awt.Container.dispatchEventImpl(Ljava/awt/AWTEvent;)V+42
j  java.awt.Window.dispatchEventImpl(Ljava/awt/AWTEvent;)V+19
j  java.awt.Component.dispatchEvent(Ljava/awt/AWTEvent;)V+2
j  java.awt.EventQueue.dispatchEventImpl(Ljava/awt/AWTEvent;Ljava/lang/Object;)V+41
j  java.awt.EventQueue.access$300(Ljava/awt/EventQueue;Ljava/awt/AWTEvent;Ljava/lang/Object;)V+3
j  java.awt.EventQueue$3.run()Ljava/lang/Void;+12
j  java.awt.EventQueue$3.run()Ljava/lang/Object;+1
v  ~StubRoutines::call_stub


---------------  P R O C E S S  ---------------

Java Threads: ( => current thread )
  0x00000000020d2800 JavaThread "DestroyJavaVM" [_thread_blocked, id=17104, stack(0x0000000001ed0000,0x0000000001fd0000)]
=>0x000000000b718800 JavaThread "AWT-EventQueue-0" [_thread_in_Java, id=17188, stack(0x000000000c860000,0x000000000c960000)]
  0x000000000b6c8800 JavaThread "AWT-Windows" daemon [_thread_in_native, id=17184, stack(0x000000000c350000,0x000000000c450000)]
  0x000000000b6c7800 JavaThread "AWT-Shutdown" [_thread_blocked, id=17180, stack(0x000000000c250000,0x000000000c350000)]
  0x000000000b5c2800 JavaThread "Java2D Disposer" daemon [_thread_blocked, id=17176, stack(0x000000000c150000,0x000000000c250000)]
  0x00000000021c6000 JavaThread "Service Thread" daemon [_thread_blocked, id=17168, stack(0x000000000bd80000,0x000000000be80000)]
  0x00000000021c1800 JavaThread "C2 CompilerThread1" daemon [_thread_blocked, id=17164, stack(0x000000000bc80000,0x000000000bd80000)]
  0x00000000021c0000 JavaThread "C2 CompilerThread0" daemon [_thread_blocked, id=17160, stack(0x000000000bb80000,0x000000000bc80000)]
  0x00000000021bf000 JavaThread "Attach Listener" daemon [_thread_blocked, id=17156, stack(0x000000000ba80000,0x000000000bb80000)]
  0x000000000b5a1000 JavaThread "Signal Dispatcher" daemon [_thread_blocked, id=17152, stack(0x000000000b980000,0x000000000ba80000)]
  0x00000000095b2000 JavaThread "Finalizer" daemon [_thread_blocked, id=17148, stack(0x000000000b480000,0x000000000b580000)]
  0x00000000095aa000 JavaThread "Reference Handler" daemon [_thread_blocked, id=17144, stack(0x000000000b380000,0x000000000b480000)]

Other Threads:
  0x00000000095a6000 VMThread [stack: 0x000000000b280000,0x000000000b380000] [id=17140]
  0x000000000b5b9800 WatcherThread [stack: 0x000000000be80000,0x000000000bf80000] [id=17172]

VM state:not at safepoint (normal execution)

VM Mutex/Monitor currently owned by a thread: None

Heap
 PSYoungGen      total 28672K, used 4999K [0x00000000e0900000, 0x00000000e2880000, 0x0000000100000000)
  eden space 25088K, 19% used [0x00000000e0900000,0x00000000e0de1f50,0x00000000e2180000)
  from space 3584K, 0% used [0x00000000e2500000,0x00000000e2500000,0x00000000e2880000)
  to   space 3584K, 0% used [0x00000000e2180000,0x00000000e2180000,0x00000000e2500000)
 ParOldGen       total 64000K, used 0K [0x00000000a1c00000, 0x00000000a5a80000, 0x00000000e0900000)
  object space 64000K, 0% used [0x00000000a1c00000,0x00000000a1c00000,0x00000000a5a80000)
 PSPermGen       total 21504K, used 9730K [0x000000009ca00000, 0x000000009df00000, 0x00000000a1c00000)
  object space 21504K, 45% used [0x000000009ca00000,0x000000009d3808c0,0x000000009df00000)

Card table byte_map: [0x00000000051d0000,0x00000000054f0000] byte_map_base: 0x0000000004ceb000

Polling page: 0x0000000000830000

Code Cache  [0x00000000021d0000, 0x0000000002440000, 0x00000000051d0000)
 total_blobs=406 nmethods=8 adapters=351 free_code_cache=48645Kb largest_free_block=49807296

Compilation events (10 events):
Event: 0.187 Thread 0x00000000021c1800    4             java.lang.Object::<init> (1 bytes)
Event: 0.187 Thread 0x00000000021c1800 nmethod 4 0x0000000002244590 code [0x00000000022446c0, 0x0000000002244738]
Event: 0.192 Thread 0x00000000021c0000    5             java.lang.String::equals (81 bytes)
Event: 0.194 Thread 0x00000000021c0000 nmethod 5 0x0000000002242190 code [0x00000000022422e0, 0x00000000022424f8]
Event: 0.229 Thread 0x00000000021c1800    6             sun.java2d.loops.GraphicsPrimitive::getUniqueID (5 bytes)
Event: 0.230 Thread 0x00000000021c1800 nmethod 6 0x000000000224be50 code [0x000000000224bf80, 0x000000000224bfd8]
Event: 0.276 Thread 0x00000000021c0000    7             java.util.Arrays::binarySearch0 (95 bytes)
Event: 0.278 Thread 0x00000000021c0000 nmethod 7 0x000000000224f490 code [0x000000000224f5e0, 0x000000000224f798]
Event: 1.120 Thread 0x00000000021c1800    8             java.awt.GradientPaintContext::cycleFillRaster (104 bytes)
Event: 1.124 Thread 0x00000000021c1800 nmethod 8 0x000000000224f990 code [0x000000000224fb00, 0x000000000224ff58]

GC Heap History (0 events):
No events

Deoptimization events (1 events):
Event: 0.952 Thread 0x000000000b718800 Uncommon trap: reason=class_check action=maybe_recompile pc=0x00000000022424c4 method=java.lang.String.equals(Ljava/lang/Object;)Z @ 8

Internal exceptions (10 events):
Event: 0.069 Thread 0x00000000020d2800 Threw 0x00000000e095b9a8 at C:\re\jdk7u79\2331\hotspot\src\share\vm\prims\jni.cpp:717
Event: 0.088 Thread 0x00000000020d2800 Threw 0x00000000e09792f0 at C:\re\jdk7u79\2331\hotspot\src\share\vm\prims\jni.cpp:717
Event: 0.210 Thread 0x00000000020d2800 Threw 0x00000000e0b6c208 at C:\re\jdk7u79\2331\hotspot\src\share\vm\prims\jvm.cpp:1304
Event: 0.212 Thread 0x00000000020d2800 Threw 0x00000000e0b6efc8 at C:\re\jdk7u79\2331\hotspot\src\share\vm\prims\jvm.cpp:1304
Event: 0.212 Thread 0x00000000020d2800 Threw 0x00000000e0b70b48 at C:\re\jdk7u79\2331\hotspot\src\share\vm\prims\jvm.cpp:1304
Event: 0.214 Thread 0x00000000020d2800 Threw 0x00000000e0b72ca0 at C:\re\jdk7u79\2331\hotspot\src\share\vm\prims\jvm.cpp:1304
Event: 0.236 Thread 0x00000000020d2800 Threw 0x00000000e0c10740 at C:\re\jdk7u79\2331\hotspot\src\share\vm\prims\jvm.cpp:1304
Event: 0.236 Thread 0x00000000020d2800 Threw 0x00000000e0c10868 at C:\re\jdk7u79\2331\hotspot\src\share\vm\prims\jvm.cpp:1304
Event: 0.236 Thread 0x00000000020d2800 Threw 0x00000000e0c13ea0 at C:\re\jdk7u79\2331\hotspot\src\share\vm\prims\jvm.cpp:1304
Event: 0.236 Thread 0x00000000020d2800 Threw 0x00000000e0c13fc8 at C:\re\jdk7u79\2331\hotspot\src\share\vm\prims\jvm.cpp:1304

Events (10 events):
Event: 1.077 loading class 0x000000000b785720
Event: 1.077 loading class 0x000000000b785720 done
Event: 1.077 loading class 0x000000000b785400 done
Event: 1.077 loading class 0x000000000b785940
Event: 1.077 loading class 0x000000000b785940 done
Event: 1.078 loading class 0x00000000020d6eb0 done
Event: 1.104 loading class 0x000000000b5b6700
Event: 1.104 loading class 0x000000000b5b6700 done
Event: 1.117 loading class 0x000000000b5b64c0
Event: 1.117 loading class 0x000000000b5b64c0 done


Dynamic libraries:
0x00007ff76b320000 - 0x00007ff76b353000 	C:\Program Files\Java\jre7\bin\javaw.exe
0x00007ffef46f0000 - 0x00007ffef48b1000 	C:\WINDOWS\SYSTEM32\ntdll.dll
0x00007ffef45d0000 - 0x00007ffef467d000 	C:\WINDOWS\system32\KERNEL32.DLL
0x00007ffee3a30000 - 0x00007ffee3a63000 	C:\Program Files (x86)\AVG\Av\avghooka.dll
0x00007ffef18e0000 - 0x00007ffef1ac8000 	C:\WINDOWS\system32\KERNELBASE.dll
0x00007ffef1b30000 - 0x00007ffef1bd7000 	C:\WINDOWS\system32\ADVAPI32.dll
0x00007ffef2100000 - 0x00007ffef219d000 	C:\WINDOWS\system32\msvcrt.dll
0x00007ffef1be0000 - 0x00007ffef1c3b000 	C:\WINDOWS\system32\sechost.dll
0x00007ffef3ed0000 - 0x00007ffef3fec000 	C:\WINDOWS\system32\RPCRT4.dll
0x00007ffef21a0000 - 0x00007ffef22f6000 	C:\WINDOWS\system32\USER32.dll
0x00007ffef4440000 - 0x00007ffef45c6000 	C:\WINDOWS\system32\GDI32.dll
0x00007ffeeb620000 - 0x00007ffeeb894000 	C:\WINDOWS\WinSxS\amd64_microsoft.windows.common-controls_6595b64144ccf1df_6.0.10586.0_none_8c15ae12515e1c22\COMCTL32.dll
0x00007ffef1cf0000 - 0x00007ffef1f6d000 	C:\WINDOWS\system32\combase.dll
0x00007ffef1750000 - 0x00007ffef17ba000 	C:\WINDOWS\system32\bcryptPrimitives.dll
0x00007ffef1cb0000 - 0x00007ffef1ceb000 	C:\WINDOWS\system32\IMM32.DLL
0x00007ffef0be0000 - 0x00007ffef0c11000 	C:\Windows\system32\nvinitx.dll
0x00007ffef0bd0000 - 0x00007ffef0bda000 	C:\WINDOWS\SYSTEM32\VERSION.dll
0x000000000f000000 - 0x000000000f006000 	C:\Program Files\NVIDIA Corporation\CoProcManager\_etoured.dll
0x00007ffeec8d0000 - 0x00007ffeec902000 	C:\Program Files\NVIDIA Corporation\CoProcManager\nvd3d9wrapx.dll
0x00007ffef3ff0000 - 0x00007ffef4419000 	C:\WINDOWS\system32\SETUPAPI.dll
0x00007ffef0d80000 - 0x00007ffef0dc3000 	C:\WINDOWS\system32\CFGMGR32.dll
0x00007ffeec8a0000 - 0x00007ffeec8c2000 	C:\Program Files\NVIDIA Corporation\CoProcManager\nvdxgiwrapx.dll
0x0000000063850000 - 0x0000000063922000 	C:\Program Files\Java\jre7\bin\msvcr100.dll
0x0000000063070000 - 0x0000000063845000 	C:\Program Files\Java\jre7\bin\server\jvm.dll
0x00007ffef24d0000 - 0x00007ffef24d8000 	C:\WINDOWS\system32\PSAPI.DLL
0x00007ffee6040000 - 0x00007ffee6049000 	C:\WINDOWS\SYSTEM32\WSOCK32.dll
0x00007ffef1c40000 - 0x00007ffef1cab000 	C:\WINDOWS\system32\WS2_32.dll
0x00007ffeef0d0000 - 0x00007ffeef0f3000 	C:\WINDOWS\SYSTEM32\WINMM.dll
0x00007ffeeee10000 - 0x00007ffeeee3c000 	C:\WINDOWS\SYSTEM32\WINMMBASE.dll
0x0000000063060000 - 0x000000006306f000 	C:\Program Files\Java\jre7\bin\verify.dll
0x0000000063030000 - 0x0000000063058000 	C:\Program Files\Java\jre7\bin\java.dll
0x0000000063010000 - 0x0000000063025000 	C:\Program Files\Java\jre7\bin\zip.dll
0x0000000062e70000 - 0x0000000063005000 	C:\Program Files\Java\jre7\bin\awt.dll
0x00007ffef24f0000 - 0x00007ffef25b1000 	C:\WINDOWS\system32\OLEAUT32.dll
0x00007ffeef490000 - 0x00007ffeef509000 	C:\WINDOWS\system32\apphelp.dll
0x00007ffeec470000 - 0x00007ffeec492000 	C:\WINDOWS\system32\DWMAPI.DLL
0x00007ffeef700000 - 0x00007ffeef796000 	C:\WINDOWS\system32\uxtheme.dll
0x00007ffef2370000 - 0x00007ffef24ca000 	C:\WINDOWS\system32\MSCTF.dll
0x00007ffef3b20000 - 0x00007ffef3c63000 	C:\WINDOWS\system32\ole32.dll
0x00007ffef0d10000 - 0x00007ffef0d1f000 	C:\WINDOWS\system32\kernel.appcore.dll
0x00007ffef25c0000 - 0x00007ffef3b1c000 	C:\WINDOWS\system32\SHELL32.dll
0x00007ffef0dd0000 - 0x00007ffef1414000 	C:\WINDOWS\system32\windows.storage.dll
0x00007ffef1f70000 - 0x00007ffef1fc2000 	C:\WINDOWS\system32\shlwapi.dll
0x00007ffef17c0000 - 0x00007ffef1875000 	C:\WINDOWS\system32\shcore.dll
0x00007ffef0d20000 - 0x00007ffef0d6b000 	C:\WINDOWS\system32\powrprof.dll
0x00007ffef0cf0000 - 0x00007ffef0d04000 	C:\WINDOWS\system32\profapi.dll
0x0000000062e20000 - 0x0000000062e67000 	C:\Program Files\Java\jre7\bin\fontmanager.dll
0x0000000062e00000 - 0x0000000062e1a000 	C:\Program Files\Java\jre7\bin\net.dll
0x00007ffef0570000 - 0x00007ffef05cc000 	C:\WINDOWS\system32\mswsock.dll
0x0000000062de0000 - 0x0000000062df1000 	C:\Program Files\Java\jre7\bin\nio.dll
0x0000000062d90000 - 0x0000000062dd1000 	C:\Program Files\Java\jre7\bin\t2k.dll
0x00007ffef3c70000 - 0x00007ffef3d17000 	C:\WINDOWS\system32\clbcatq.dll
0x00007ffedde90000 - 0x00007ffeddf2c000 	C:\WINDOWS\system32\RICHED20.DLL
0x00007ffef20e0000 - 0x00007ffef20f8000 	C:\WINDOWS\system32\USP10.dll
0x00007ffee3b80000 - 0x00007ffee3bba000 	C:\WINDOWS\SYSTEM32\msls31.dll
0x00007ffedbfb0000 - 0x00007ffedbffa000 	C:\WINDOWS\system32\dataexchange.dll
0x00007ffeeb8a0000 - 0x00007ffeebb48000 	C:\WINDOWS\system32\d3d11.dll
0x00007ffeeee40000 - 0x00007ffeeef23000 	C:\WINDOWS\system32\dcomp.dll
0x00007ffeebc90000 - 0x00007ffeebd32000 	C:\WINDOWS\system32\dxgi.dll
0x00007ffeef7a0000 - 0x00007ffeef8a0000 	C:\WINDOWS\system32\twinapi.appcore.dll
0x00007ffef0c30000 - 0x00007ffef0c59000 	C:\WINDOWS\system32\bcrypt.dll

VM Arguments:
jvm_args: -Dfile.encoding=Cp1252 
java_command: etf.bg.ac.rs.zp2016.gui.MainProg
Launcher Type: SUN_STANDARD

Environment Variables:
PATH=C:/Program Files/Java/jre1.8.0_77/bin/server;C:/Program Files/Java/jre1.8.0_77/bin;C:/Program Files/Java/jre1.8.0_77/lib/amd64;C:\WATCOM\BINNT;C:\WATCOM\BINW;C:\ProgramData\Oracle\Java\javapath;C:\Program Files (x86)\NVIDIA Corporation\PhysX\Common;C:\WINDOWS\system32;C:\WINDOWS;C:\WINDOWS\System32\Wbem;C:\WINDOWS\System32\WindowsPowerShell\v1.0\;C:\Program Files\Intel\WiFi\bin\;C:\Program Files\Common Files\Intel\WirelessCommon\;C:\Program Files (x86)\Intel\OpenCL SDK\2.0\bin\x86;C:\Program Files (x86)\Intel\OpenCL SDK\2.0\bin\x64;C:\Program Files\Microsoft SQL Server\110\Tools\Binn\;C:\Program Files\Microsoft SQL Server\Client SDK\ODBC\110\Tools\Binn\;C:\Program Files (x86)\Microsoft SQL Server\120\Tools\Binn\ManagementStudio\;C:\Program Files (x86)\Microsoft SQL Server\120\Tools\Binn\;C:\Program Files\Microsoft SQL Server\120\Tools\Binn\;C:\Program Files (x86)\Microsoft SQL Server\120\DTS\Binn\;C:\Program Files\Microsoft SQL Server\120\DTS\Binn\;C:\Program Files\Microsoft\Web Platform Installer\;C:\Program Files (x86)\Windows Kits\8.1\Windows Performance Toolkit\;C:\Program Files (x86)\Microsoft SDKs\TypeScript\1.0\;C:\Program Files (x86)\Microsoft SQL Server\110\Tools\Binn\;C:\Program Files (x86)\Microsoft SQL Server\110\DTS\Binn\;C:\Program Files\TortoiseSVN\bin;C:\Program Files (x86)\Windows Live\Shared;C:\Program Files (x86)\Skype\Phone\;C:\Program Files\Intel\WiFi\bin\;C:\Program Files\Common Files\Intel\WirelessCommon\;C:\WINDOWS\system32;
USERNAME=MAJA
OS=Windows_NT
PROCESSOR_IDENTIFIER=Intel64 Family 6 Model 58 Stepping 9, GenuineIntel



---------------  S Y S T E M  ---------------

OS: Windows 8.1 , 64 bit Build 9600 

CPU:total 8 (4 cores per cpu, 2 threads per core) family 6 model 58 stepping 9, cmov, cx8, fxsr, mmx, sse, sse2, sse3, ssse3, sse4.1, sse4.2, popcnt, avx, aes, erms, ht, tsc, tscinvbit, tscinv

Memory: 4k page, physical 6174560k(903536k free), swap 15653548k(2138496k free)

vm_info: Java HotSpot(TM) 64-Bit Server VM (24.79-b02) for windows-amd64 JRE (1.7.0_79-b15), built on Apr 10 2015 12:36:16 by "java_re" with unknown MS VC++:1600

time: Wed May 25 17:37:31 2016
elapsed time: 3 seconds

