#
# There is insufficient memory for the Java Runtime Environment to continue.
# Native memory allocation (malloc) failed to allocate 1048576 bytes for AllocateHeap
# Possible reasons:
#   The system is out of physical RAM or swap space
#   In 32 bit mode, the process size limit was hit
# Possible solutions:
#   Reduce memory load on the system
#   Increase physical memory or swap space
#   Check if swap backing store is full
#   Use 64 bit Java on a 64 bit OS
#   Decrease Java heap size (-Xmx/-Xms)
#   Decrease number of Java threads
#   Decrease Java thread stack sizes (-Xss)
#   Set larger code cache with -XX:ReservedCodeCacheSize=
# This output file may be truncated or incomplete.
#
#  Out of Memory Error (memory/allocation.inline.hpp:61), pid=25932, tid=26420
#
# JRE version:  (7.0_79-b15) (build )
# Java VM: Java HotSpot(TM) 64-Bit Server VM (24.79-b02 mixed mode windows-amd64 compressed oops)
# Failed to write core dump. Minidumps are not enabled by default on client versions of Windows
#

---------------  T H R E A D  ---------------

Current thread (0x00000000020e0800):  JavaThread "Unknown thread" [_thread_in_vm, id=26420, stack(0x0000000001ee0000,0x0000000001fe0000)]

Stack: [0x0000000001ee0000,0x0000000001fe0000]

---------------  P R O C E S S  ---------------

Java Threads: ( => current thread )

Other Threads:

=>0x00000000020e0800 (exited) JavaThread "Unknown thread" [_thread_in_vm, id=26420, stack(0x0000000001ee0000,0x0000000001fe0000)]

VM state:not at safepoint (normal execution)

VM Mutex/Monitor currently owned by a thread: None

Heap
 PSYoungGen      total 28672K, used 501K [0x00000000e0900000, 0x00000000e2880000, 0x0000000100000000)
  eden space 25088K, 2% used [0x00000000e0900000,0x00000000e097d760,0x00000000e2180000)
  from space 3584K, 0% used [0x00000000e2500000,0x00000000e2500000,0x00000000e2880000)
  to   space 3584K, 0% used [0x00000000e2180000,0x00000000e2180000,0x00000000e2500000)
 ParOldGen       total 64000K, used 0K [0x00000000a1c00000, 0x00000000a5a80000, 0x00000000e0900000)
  object space 64000K, 0% used [0x00000000a1c00000,0x00000000a1c00000,0x00000000a5a80000)
 PSPermGen       total 21504K, used 679K [0x000000009ca00000, 0x000000009df00000, 0x00000000a1c00000)
  object space 21504K, 3% used [0x000000009ca00000,0x000000009caa9f80,0x000000009df00000)

Card table byte_map: [0x00000000051e0000,0x0000000005500000] byte_map_base: 0x0000000004cfb000

Polling page: 0x0000000000510000

Code Cache  [0x00000000021e0000, 0x0000000002450000, 0x00000000051e0000)
 total_blobs=38 nmethods=0 adapters=20 free_code_cache=48889Kb largest_free_block=50062528

Compilation events (0 events):
No events

GC Heap History (0 events):
No events

Deoptimization events (0 events):
No events

Internal exceptions (0 events):
No events

Events (10 events):
Event: 0.116 loading class 0x00000000021302f0
Event: 0.116 loading class 0x00000000021302f0 done
Event: 0.116 loading class 0x0000000002130340
Event: 0.116 loading class 0x0000000002130340 done
Event: 0.116 loading class 0x0000000002130390
Event: 0.116 loading class 0x0000000002130390 done
Event: 0.117 loading class 0x0000000002131110
Event: 0.117 loading class 0x0000000002131110 done
Event: 0.117 loading class 0x0000000002130d30
Event: 0.117 loading class 0x0000000002130d30 done


Dynamic libraries:
0x00007ff76b320000 - 0x00007ff76b353000 	C:\Program Files\Java\jre7\bin\javaw.exe
0x00007ffef46f0000 - 0x00007ffef48b1000 	C:\WINDOWS\SYSTEM32\ntdll.dll
0x00007ffef45d0000 - 0x00007ffef467d000 	C:\WINDOWS\system32\KERNEL32.DLL
0x00007ffee3a30000 - 0x00007ffee3a63000 	C:\Program Files (x86)\AVG\Av\avghooka.dll
0x00007ffef18e0000 - 0x00007ffef1ac8000 	C:\WINDOWS\system32\KERNELBASE.dll
0x00007ffef1b30000 - 0x00007ffef1bd7000 	C:\WINDOWS\system32\ADVAPI32.dll
0x00007ffef2100000 - 0x00007ffef219d000 	C:\WINDOWS\system32\msvcrt.dll
0x00007ffef1be0000 - 0x00007ffef1c3b000 	C:\WINDOWS\system32\sechost.dll
0x00007ffef3ed0000 - 0x00007ffef3fec000 	C:\WINDOWS\system32\RPCRT4.dll
0x00007ffef21a0000 - 0x00007ffef22f6000 	C:\WINDOWS\system32\USER32.dll
0x00007ffef4440000 - 0x00007ffef45c6000 	C:\WINDOWS\system32\GDI32.dll
0x00007ffeeb620000 - 0x00007ffeeb894000 	C:\WINDOWS\WinSxS\amd64_microsoft.windows.common-controls_6595b64144ccf1df_6.0.10586.0_none_8c15ae12515e1c22\COMCTL32.dll
0x00007ffef1cf0000 - 0x00007ffef1f6d000 	C:\WINDOWS\system32\combase.dll
0x00007ffef1750000 - 0x00007ffef17ba000 	C:\WINDOWS\system32\bcryptPrimitives.dll
0x00007ffef1cb0000 - 0x00007ffef1ceb000 	C:\WINDOWS\system32\IMM32.DLL
0x00007ffef0be0000 - 0x00007ffef0c11000 	C:\Windows\system32\nvinitx.dll
0x00007ffef0bd0000 - 0x00007ffef0bda000 	C:\WINDOWS\SYSTEM32\VERSION.dll
0x000000000f000000 - 0x000000000f006000 	C:\Program Files\NVIDIA Corporation\CoProcManager\_etoured.dll
0x00007ffeec8d0000 - 0x00007ffeec902000 	C:\Program Files\NVIDIA Corporation\CoProcManager\nvd3d9wrapx.dll
0x00007ffef3ff0000 - 0x00007ffef4419000 	C:\WINDOWS\system32\SETUPAPI.dll
0x00007ffef0d80000 - 0x00007ffef0dc3000 	C:\WINDOWS\system32\CFGMGR32.dll
0x00007ffeec8a0000 - 0x00007ffeec8c2000 	C:\Program Files\NVIDIA Corporation\CoProcManager\nvdxgiwrapx.dll
0x0000000063850000 - 0x0000000063922000 	C:\Program Files\Java\jre7\bin\msvcr100.dll
0x0000000063070000 - 0x0000000063845000 	C:\Program Files\Java\jre7\bin\server\jvm.dll
0x00007ffef24d0000 - 0x00007ffef24d8000 	C:\WINDOWS\system32\PSAPI.DLL
0x00007ffee6040000 - 0x00007ffee6049000 	C:\WINDOWS\SYSTEM32\WSOCK32.dll
0x00007ffef1c40000 - 0x00007ffef1cab000 	C:\WINDOWS\system32\WS2_32.dll
0x00007ffeef0d0000 - 0x00007ffeef0f3000 	C:\WINDOWS\SYSTEM32\WINMM.dll
0x00007ffeeee10000 - 0x00007ffeeee3c000 	C:\WINDOWS\SYSTEM32\WINMMBASE.dll
0x0000000063060000 - 0x000000006306f000 	C:\Program Files\Java\jre7\bin\verify.dll
0x0000000063030000 - 0x0000000063058000 	C:\Program Files\Java\jre7\bin\java.dll
0x0000000063010000 - 0x0000000063025000 	C:\Program Files\Java\jre7\bin\zip.dll

VM Arguments:
jvm_args: -Dfile.encoding=Cp1252 
java_command: etf.bg.ac.rs.zp2016.gui.MainProg
Launcher Type: SUN_STANDARD

Environment Variables:
PATH=C:/Program Files/Java/jre1.8.0_77/bin/server;C:/Program Files/Java/jre1.8.0_77/bin;C:/Program Files/Java/jre1.8.0_77/lib/amd64;C:\WATCOM\BINNT;C:\WATCOM\BINW;C:\ProgramData\Oracle\Java\javapath;C:\Program Files (x86)\NVIDIA Corporation\PhysX\Common;C:\WINDOWS\system32;C:\WINDOWS;C:\WINDOWS\System32\Wbem;C:\WINDOWS\System32\WindowsPowerShell\v1.0\;C:\Program Files\Intel\WiFi\bin\;C:\Program Files\Common Files\Intel\WirelessCommon\;C:\Program Files (x86)\Intel\OpenCL SDK\2.0\bin\x86;C:\Program Files (x86)\Intel\OpenCL SDK\2.0\bin\x64;C:\Program Files\Microsoft SQL Server\110\Tools\Binn\;C:\Program Files\Microsoft SQL Server\Client SDK\ODBC\110\Tools\Binn\;C:\Program Files (x86)\Microsoft SQL Server\120\Tools\Binn\ManagementStudio\;C:\Program Files (x86)\Microsoft SQL Server\120\Tools\Binn\;C:\Program Files\Microsoft SQL Server\120\Tools\Binn\;C:\Program Files (x86)\Microsoft SQL Server\120\DTS\Binn\;C:\Program Files\Microsoft SQL Server\120\DTS\Binn\;C:\Program Files\Microsoft\Web Platform Installer\;C:\Program Files (x86)\Windows Kits\8.1\Windows Performance Toolkit\;C:\Program Files (x86)\Microsoft SDKs\TypeScript\1.0\;C:\Program Files (x86)\Microsoft SQL Server\110\Tools\Binn\;C:\Program Files (x86)\Microsoft SQL Server\110\DTS\Binn\;C:\Program Files\TortoiseSVN\bin;C:\Program Files (x86)\Windows Live\Shared;C:\Program Files (x86)\Skype\Phone\;C:\Program Files\Intel\WiFi\bin\;C:\Program Files\Common Files\Intel\WirelessCommon\;C:\WINDOWS\system32;
USERNAME=MAJA
OS=Windows_NT
PROCESSOR_IDENTIFIER=Intel64 Family 6 Model 58 Stepping 9, GenuineIntel



---------------  S Y S T E M  ---------------

OS: Windows 8.1 , 64 bit Build 9600 

CPU:total 8 (4 cores per cpu, 2 threads per core) family 6 model 58 stepping 9, cmov, cx8, fxsr, mmx, sse, sse2, sse3, ssse3, sse4.1, sse4.2, popcnt, avx, aes, erms, ht, tsc, tscinvbit, tscinv

Memory: 4k page, physical 6174560k(1099376k free), swap 25048928k(5268k free)

vm_info: Java HotSpot(TM) 64-Bit Server VM (24.79-b02) for windows-amd64 JRE (1.7.0_79-b15), built on Apr 10 2015 12:36:16 by "java_re" with unknown MS VC++:1600

time: Thu May 26 02:44:43 2016
elapsed time: 0 seconds

